Flow report for top_inf_rec
Sat Jul 31 15:24:52 2021
Quartus II 64-Bit Version 13.0.1 Build 232 06/12/2013 Service Pack 1 SJ Full Version


---------------------
; Table of Contents ;
---------------------
  1. Legal Notice
  2. Flow Summary
  3. Flow Settings
  4. Flow Non-Default Global Settings
  5. Flow Elapsed Time
  6. Flow OS Summary
  7. Flow Log
  8. Flow Messages
  9. Flow Suppressed Messages



----------------
; Legal Notice ;
----------------
Copyright (C) 1991-2013 Altera Corporation
Your use of Altera Corporation's design tools, logic functions 
and other software and tools, and its AMPP partner logic 
functions, and any output files from any of the foregoing 
(including device programming or simulation files), and any 
associated documentation or information are expressly subject 
to the terms and conditions of the Altera Program License 
Subscription Agreement, Altera MegaCore Function License 
Agreement, or other applicable license agreement, including, 
without limitation, that your use is for the sole purpose of 
programming logic devices manufactured by Altera and sold by 
Altera or its authorized distributors.  Please refer to the 
applicable agreement for further details.



+---------------------------------------------------------------------------------------+
; Flow Summary                                                                          ;
+------------------------------------+--------------------------------------------------+
; Flow Status                        ; Successful - Sat Jul 31 15:24:52 2021            ;
; Quartus II 64-Bit Version          ; 13.0.1 Build 232 06/12/2013 SP 1 SJ Full Version ;
; Revision Name                      ; top_inf_rec                                      ;
; Top-level Entity Name              ; top_inf_rec                                      ;
; Family                             ; Cyclone IV E                                     ;
; Device                             ; EP4CE10F17C8                                     ;
; Timing Models                      ; Final                                            ;
; Total logic elements               ; 246 / 10,320 ( 2 % )                             ;
;     Total combinational functions  ; 238 / 10,320 ( 2 % )                             ;
;     Dedicated logic registers      ; 126 / 10,320 ( 1 % )                             ;
; Total registers                    ; 126                                              ;
; Total pins                         ; 17 / 180 ( 9 % )                                 ;
; Total virtual pins                 ; 0                                                ;
; Total memory bits                  ; 0 / 423,936 ( 0 % )                              ;
; Embedded Multiplier 9-bit elements ; 0 / 46 ( 0 % )                                   ;
; Total PLLs                         ; 0 / 2 ( 0 % )                                    ;
+------------------------------------+--------------------------------------------------+


+-----------------------------------------+
; Flow Settings                           ;
+-------------------+---------------------+
; Option            ; Setting             ;
+-------------------+---------------------+
; Start date & time ; 07/31/2021 15:24:37 ;
; Main task         ; Compilation         ;
; Revision Name     ; top_inf_rec         ;
+-------------------+---------------------+


+-----------------------------------------------------------------------------------------------------------------------+
; Flow Non-Default Global Settings                                                                                      ;
+--------------------------------------+---------------------------------+---------------+-------------+----------------+
; Assignment Name                      ; Value                           ; Default Value ; Entity Name ; Section Id     ;
+--------------------------------------+---------------------------------+---------------+-------------+----------------+
; COMPILER_SIGNATURE_ID                ; 141812762195461.162771627707452 ; --            ; --          ; --             ;
; EDA_DESIGN_INSTANCE_NAME             ; NA                              ; --            ; --          ; tb_inf_rec     ;
; EDA_DESIGN_INSTANCE_NAME             ; NA                              ; --            ; --          ; tb_led_ctrl    ;
; EDA_NATIVELINK_SIMULATION_TEST_BENCH ; tb_led_ctrl                     ; --            ; --          ; eda_simulation ;
; EDA_OUTPUT_DATA_FORMAT               ; Verilog Hdl                     ; --            ; --          ; eda_simulation ;
; EDA_SIMULATION_TOOL                  ; ModelSim-Altera (Verilog)       ; <None>        ; --          ; --             ;
; EDA_TEST_BENCH_ENABLE_STATUS         ; TEST_BENCH_MODE                 ; --            ; --          ; eda_simulation ;
; EDA_TEST_BENCH_FILE                  ; ../testbench/tb_inf_rec.v       ; --            ; --          ; tb_inf_rec     ;
; EDA_TEST_BENCH_FILE                  ; ../testbench/tb_led_ctrl.v      ; --            ; --          ; tb_led_ctrl    ;
; EDA_TEST_BENCH_FILE                  ; ../rtl/led_ctrl.v               ; --            ; --          ; tb_led_ctrl    ;
; EDA_TEST_BENCH_MODULE_NAME           ; tb_inf_rec                      ; --            ; --          ; tb_inf_rec     ;
; EDA_TEST_BENCH_MODULE_NAME           ; tb_led_ctrl                     ; --            ; --          ; tb_led_ctrl    ;
; EDA_TEST_BENCH_NAME                  ; tb_inf_rec                      ; --            ; --          ; eda_simulation ;
; EDA_TEST_BENCH_NAME                  ; tb_led_ctrl                     ; --            ; --          ; eda_simulation ;
; EDA_TEST_BENCH_RUN_SIM_FOR           ; 1 us                            ; --            ; --          ; tb_inf_rec     ;
; EDA_TEST_BENCH_RUN_SIM_FOR           ; 1 us                            ; --            ; --          ; tb_led_ctrl    ;
; EDA_TIME_SCALE                       ; 1 ps                            ; --            ; --          ; eda_simulation ;
; MAX_CORE_JUNCTION_TEMP               ; 85                              ; --            ; --          ; --             ;
; MIN_CORE_JUNCTION_TEMP               ; 0                               ; --            ; --          ; --             ;
; PARTITION_COLOR                      ; 16764057                        ; --            ; --          ; Top            ;
; PARTITION_FITTER_PRESERVATION_LEVEL  ; PLACEMENT_AND_ROUTING           ; --            ; --          ; Top            ;
; PARTITION_NETLIST_TYPE               ; SOURCE                          ; --            ; --          ; Top            ;
; PROJECT_OUTPUT_DIRECTORY             ; output_files                    ; --            ; --          ; --             ;
+--------------------------------------+---------------------------------+---------------+-------------+----------------+


+-------------------------------------------------------------------------------------------------------------------------------+
; Flow Elapsed Time                                                                                                             ;
+---------------------------+--------------+-------------------------+---------------------+------------------------------------+
; Module Name               ; Elapsed Time ; Average Processors Used ; Peak Virtual Memory ; Total CPU Time (on all processors) ;
+---------------------------+--------------+-------------------------+---------------------+------------------------------------+
; Analysis & Synthesis      ; 00:00:02     ; 1.0                     ; 4600 MB             ; 00:00:02                           ;
; Fitter                    ; 00:00:06     ; 1.6                     ; 5312 MB             ; 00:00:06                           ;
; Assembler                 ; 00:00:01     ; 1.0                     ; 4539 MB             ; 00:00:01                           ;
; TimeQuest Timing Analyzer ; 00:00:02     ; 1.0                     ; 4618 MB             ; 00:00:02                           ;
; EDA Netlist Writer        ; 00:00:01     ; 1.0                     ; 4525 MB             ; 00:00:01                           ;
; Total                     ; 00:00:12     ; --                      ; --                  ; 00:00:12                           ;
+---------------------------+--------------+-------------------------+---------------------+------------------------------------+


+----------------------------------------------------------------------------------------+
; Flow OS Summary                                                                        ;
+---------------------------+------------------+-----------+------------+----------------+
; Module Name               ; Machine Hostname ; OS Name   ; OS Version ; Processor type ;
+---------------------------+------------------+-----------+------------+----------------+
; Analysis & Synthesis      ; DESKTOP-GLVHBLK  ; Windows 7 ; 6.2        ; x86_64         ;
; Fitter                    ; DESKTOP-GLVHBLK  ; Windows 7 ; 6.2        ; x86_64         ;
; Assembler                 ; DESKTOP-GLVHBLK  ; Windows 7 ; 6.2        ; x86_64         ;
; TimeQuest Timing Analyzer ; DESKTOP-GLVHBLK  ; Windows 7 ; 6.2        ; x86_64         ;
; EDA Netlist Writer        ; DESKTOP-GLVHBLK  ; Windows 7 ; 6.2        ; x86_64         ;
+---------------------------+------------------+-----------+------------+----------------+


------------
; Flow Log ;
------------
quartus_map --read_settings_files=on --write_settings_files=off top_inf_rec -c top_inf_rec
quartus_fit --read_settings_files=off --write_settings_files=off top_inf_rec -c top_inf_rec
quartus_asm --read_settings_files=off --write_settings_files=off top_inf_rec -c top_inf_rec
quartus_sta top_inf_rec -c top_inf_rec
quartus_eda --read_settings_files=off --write_settings_files=off top_inf_rec -c top_inf_rec



