Analysis & Synthesis report for digital_clk
Thu Jul 15 12:41:08 2021
Quartus II 64-Bit Version 13.0.1 Build 232 06/12/2013 Service Pack 1 SJ Full Version


---------------------
; Table of Contents ;
---------------------
  1. Legal Notice
  2. Analysis & Synthesis Summary
  3. Analysis & Synthesis Settings
  4. Parallel Compilation
  5. Analysis & Synthesis Source Files Read
  6. Analysis & Synthesis Resource Usage Summary
  7. Analysis & Synthesis Resource Utilization by Entity
  8. Analysis & Synthesis RAM Summary
  9. State Machine - |digital_clock_top|control:control|mode_chose:mode_chose|key_filter:key_filter_m|state_c
 10. State Machine - |digital_clock_top|control:control|keyboard_ctrl:keyboard_ctrl|key_filter:key_filter_e|state_c
 11. State Machine - |digital_clock_top|control:control|keyboard_ctrl:keyboard_ctrl|key_filter:key_filter_n|state_c
 12. State Machine - |digital_clock_top|control:control|keyboard_ctrl:keyboard_ctrl|key_filter:key_filter_p|state_c
 13. Registers Removed During Synthesis
 14. General Register Statistics
 15. Inverted Register Statistics
 16. Registers Packed Into Inferred Megafunctions
 17. Multiplexer Restructuring Statistics (Restructuring Performed)
 18. Source assignments for ring:ring1|altshift_taps:data_in_cmp_tmp0_rtl_0|shift_taps_ckm:auto_generated|altsyncram_t861:altsyncram4
 19. Parameter Settings for Inferred Entity Instance: ring:ring1|altshift_taps:data_in_cmp_tmp0_rtl_0
 20. altshift_taps Parameter Settings by Entity Instance
 21. Port Connectivity Checks: "clock:clock|counter60:counter60_sec"
 22. Port Connectivity Checks: "HEX8:HEX8"
 23. Elapsed Time Per Partition
 24. Analysis & Synthesis Messages



----------------
; Legal Notice ;
----------------
Copyright (C) 1991-2013 Altera Corporation
Your use of Altera Corporation's design tools, logic functions 
and other software and tools, and its AMPP partner logic 
functions, and any output files from any of the foregoing 
(including device programming or simulation files), and any 
associated documentation or information are expressly subject 
to the terms and conditions of the Altera Program License 
Subscription Agreement, Altera MegaCore Function License 
Agreement, or other applicable license agreement, including, 
without limitation, that your use is for the sole purpose of 
programming logic devices manufactured by Altera and sold by 
Altera or its authorized distributors.  Please refer to the 
applicable agreement for further details.



+---------------------------------------------------------------------------------------+
; Analysis & Synthesis Summary                                                          ;
+------------------------------------+--------------------------------------------------+
; Analysis & Synthesis Status        ; Successful - Thu Jul 15 12:41:08 2021            ;
; Quartus II 64-Bit Version          ; 13.0.1 Build 232 06/12/2013 SP 1 SJ Full Version ;
; Revision Name                      ; digital_clk                                      ;
; Top-level Entity Name              ; digital_clock_top                                ;
; Family                             ; Cyclone IV E                                     ;
; Total logic elements               ; 493                                              ;
;     Total combinational functions  ; 454                                              ;
;     Dedicated logic registers      ; 282                                              ;
; Total registers                    ; 282                                              ;
; Total pins                         ; 23                                               ;
; Total virtual pins                 ; 0                                                ;
; Total memory bits                  ; 96                                               ;
; Embedded Multiplier 9-bit elements ; 0                                                ;
; Total PLLs                         ; 0                                                ;
+------------------------------------+--------------------------------------------------+


+----------------------------------------------------------------------------------------------------------------------+
; Analysis & Synthesis Settings                                                                                        ;
+----------------------------------------------------------------------------+--------------------+--------------------+
; Option                                                                     ; Setting            ; Default Value      ;
+----------------------------------------------------------------------------+--------------------+--------------------+
; Device                                                                     ; EP4CE10F17C8       ;                    ;
; Top-level entity name                                                      ; digital_clock_top  ; digital_clk        ;
; Family name                                                                ; Cyclone IV E       ; Cyclone IV GX      ;
; Use smart compilation                                                      ; Off                ; Off                ;
; Enable parallel Assembler and TimeQuest Timing Analyzer during compilation ; On                 ; On                 ;
; Enable compact report table                                                ; Off                ; Off                ;
; Restructure Multiplexers                                                   ; Auto               ; Auto               ;
; Create Debugging Nodes for IP Cores                                        ; Off                ; Off                ;
; Preserve fewer node names                                                  ; On                 ; On                 ;
; Disable OpenCore Plus hardware evaluation                                  ; Off                ; Off                ;
; Verilog Version                                                            ; Verilog_2001       ; Verilog_2001       ;
; VHDL Version                                                               ; VHDL_1993          ; VHDL_1993          ;
; State Machine Processing                                                   ; Auto               ; Auto               ;
; Safe State Machine                                                         ; Off                ; Off                ;
; Extract Verilog State Machines                                             ; On                 ; On                 ;
; Extract VHDL State Machines                                                ; On                 ; On                 ;
; Ignore Verilog initial constructs                                          ; Off                ; Off                ;
; Iteration limit for constant Verilog loops                                 ; 5000               ; 5000               ;
; Iteration limit for non-constant Verilog loops                             ; 250                ; 250                ;
; Add Pass-Through Logic to Inferred RAMs                                    ; On                 ; On                 ;
; Infer RAMs from Raw Logic                                                  ; On                 ; On                 ;
; Parallel Synthesis                                                         ; On                 ; On                 ;
; DSP Block Balancing                                                        ; Auto               ; Auto               ;
; NOT Gate Push-Back                                                         ; On                 ; On                 ;
; Power-Up Don't Care                                                        ; On                 ; On                 ;
; Remove Redundant Logic Cells                                               ; Off                ; Off                ;
; Remove Duplicate Registers                                                 ; On                 ; On                 ;
; Ignore CARRY Buffers                                                       ; Off                ; Off                ;
; Ignore CASCADE Buffers                                                     ; Off                ; Off                ;
; Ignore GLOBAL Buffers                                                      ; Off                ; Off                ;
; Ignore ROW GLOBAL Buffers                                                  ; Off                ; Off                ;
; Ignore LCELL Buffers                                                       ; Off                ; Off                ;
; Ignore SOFT Buffers                                                        ; On                 ; On                 ;
; Limit AHDL Integers to 32 Bits                                             ; Off                ; Off                ;
; Optimization Technique                                                     ; Balanced           ; Balanced           ;
; Carry Chain Length                                                         ; 70                 ; 70                 ;
; Auto Carry Chains                                                          ; On                 ; On                 ;
; Auto Open-Drain Pins                                                       ; On                 ; On                 ;
; Perform WYSIWYG Primitive Resynthesis                                      ; Off                ; Off                ;
; Auto ROM Replacement                                                       ; On                 ; On                 ;
; Auto RAM Replacement                                                       ; On                 ; On                 ;
; Auto DSP Block Replacement                                                 ; On                 ; On                 ;
; Auto Shift Register Replacement                                            ; Auto               ; Auto               ;
; Allow Shift Register Merging across Hierarchies                            ; Auto               ; Auto               ;
; Auto Clock Enable Replacement                                              ; On                 ; On                 ;
; Strict RAM Replacement                                                     ; Off                ; Off                ;
; Allow Synchronous Control Signals                                          ; On                 ; On                 ;
; Force Use of Synchronous Clear Signals                                     ; Off                ; Off                ;
; Auto RAM Block Balancing                                                   ; On                 ; On                 ;
; Auto RAM to Logic Cell Conversion                                          ; Off                ; Off                ;
; Auto Resource Sharing                                                      ; Off                ; Off                ;
; Allow Any RAM Size For Recognition                                         ; Off                ; Off                ;
; Allow Any ROM Size For Recognition                                         ; Off                ; Off                ;
; Allow Any Shift Register Size For Recognition                              ; Off                ; Off                ;
; Use LogicLock Constraints during Resource Balancing                        ; On                 ; On                 ;
; Ignore translate_off and synthesis_off directives                          ; Off                ; Off                ;
; Timing-Driven Synthesis                                                    ; On                 ; On                 ;
; Report Parameter Settings                                                  ; On                 ; On                 ;
; Report Source Assignments                                                  ; On                 ; On                 ;
; Report Connectivity Checks                                                 ; On                 ; On                 ;
; Ignore Maximum Fan-Out Assignments                                         ; Off                ; Off                ;
; Synchronization Register Chain Length                                      ; 2                  ; 2                  ;
; PowerPlay Power Optimization                                               ; Normal compilation ; Normal compilation ;
; HDL message level                                                          ; Level2             ; Level2             ;
; Suppress Register Optimization Related Messages                            ; Off                ; Off                ;
; Number of Removed Registers Reported in Synthesis Report                   ; 5000               ; 5000               ;
; Number of Swept Nodes Reported in Synthesis Report                         ; 5000               ; 5000               ;
; Number of Inverted Registers Reported in Synthesis Report                  ; 100                ; 100                ;
; Clock MUX Protection                                                       ; On                 ; On                 ;
; Auto Gated Clock Conversion                                                ; Off                ; Off                ;
; Block Design Naming                                                        ; Auto               ; Auto               ;
; SDC constraint protection                                                  ; Off                ; Off                ;
; Synthesis Effort                                                           ; Auto               ; Auto               ;
; Shift Register Replacement - Allow Asynchronous Clear Signal               ; On                 ; On                 ;
; Pre-Mapping Resynthesis Optimization                                       ; Off                ; Off                ;
; Analysis & Synthesis Message Level                                         ; Medium             ; Medium             ;
; Disable Register Merging Across Hierarchies                                ; Auto               ; Auto               ;
; Resource Aware Inference For Block RAM                                     ; On                 ; On                 ;
; Synthesis Seed                                                             ; 1                  ; 1                  ;
+----------------------------------------------------------------------------+--------------------+--------------------+


+------------------------------------------+
; Parallel Compilation                     ;
+----------------------------+-------------+
; Processors                 ; Number      ;
+----------------------------+-------------+
; Number detected on machine ; 8           ;
; Maximum allowed            ; 4           ;
;                            ;             ;
; Average used               ; 1.00        ;
; Maximum used               ; 1           ;
;                            ;             ;
; Usage by Processor         ; % Time Used ;
;     Processor 1            ; 100.0%      ;
;     Processors 2-8         ;   0.0%      ;
+----------------------------+-------------+


+---------------------------------------------------------------------------------------------------------------------------------------------------------------------+
; Analysis & Synthesis Source Files Read                                                                                                                              ;
+----------------------------------+-----------------+------------------------------+-----------------------------------------------------------------------+---------+
; File Name with User-Entered Path ; Used in Netlist ; File Type                    ; File Name with Absolute Path                                          ; Library ;
+----------------------------------+-----------------+------------------------------+-----------------------------------------------------------------------+---------+
; ../rtl/digital_clock_top.v       ; yes             ; User Verilog HDL File        ; D:/01workplace/Quartus/class25_digital_clk/rtl/digital_clock_top.v    ;         ;
; ../rtl/HEX8.v                    ; yes             ; User Verilog HDL File        ; D:/01workplace/Quartus/class25_digital_clk/rtl/HEX8.v                 ;         ;
; ../rtl/control.v                 ; yes             ; User Verilog HDL File        ; D:/01workplace/Quartus/class25_digital_clk/rtl/control.v              ;         ;
; ../rtl/mode_chose.v              ; yes             ; User Verilog HDL File        ; D:/01workplace/Quartus/class25_digital_clk/rtl/mode_chose.v           ;         ;
; ../rtl/ring.v                    ; yes             ; User Verilog HDL File        ; D:/01workplace/Quartus/class25_digital_clk/rtl/ring.v                 ;         ;
; ../rtl/keyboard_ctrl.v           ; yes             ; User Verilog HDL File        ; D:/01workplace/Quartus/class25_digital_clk/rtl/keyboard_ctrl.v        ;         ;
; ../rtl/keyboard.v                ; yes             ; User Verilog HDL File        ; D:/01workplace/Quartus/class25_digital_clk/rtl/keyboard.v             ;         ;
; ../rtl/clock.v                   ; yes             ; User Verilog HDL File        ; D:/01workplace/Quartus/class25_digital_clk/rtl/clock.v                ;         ;
; ../rtl/counter24.v               ; yes             ; User Verilog HDL File        ; D:/01workplace/Quartus/class25_digital_clk/rtl/counter24.v            ;         ;
; ../rtl/key_filter.v              ; yes             ; User Verilog HDL File        ; D:/01workplace/Quartus/class25_digital_clk/rtl/key_filter.v           ;         ;
; ../rtl/counter60.v               ; yes             ; User Verilog HDL File        ; D:/01workplace/Quartus/class25_digital_clk/rtl/counter60.v            ;         ;
; ../rtl/counter_1s.v              ; yes             ; User Verilog HDL File        ; D:/01workplace/Quartus/class25_digital_clk/rtl/counter_1s.v           ;         ;
; ../rtl/counter_1ms.v             ; yes             ; User Verilog HDL File        ; D:/01workplace/Quartus/class25_digital_clk/rtl/counter_1ms.v          ;         ;
; altshift_taps.tdf                ; yes             ; Megafunction                 ; c:/altera/13.0sp1/quartus/libraries/megafunctions/altshift_taps.tdf   ;         ;
; altdpram.inc                     ; yes             ; Megafunction                 ; c:/altera/13.0sp1/quartus/libraries/megafunctions/altdpram.inc        ;         ;
; lpm_counter.inc                  ; yes             ; Megafunction                 ; c:/altera/13.0sp1/quartus/libraries/megafunctions/lpm_counter.inc     ;         ;
; lpm_compare.inc                  ; yes             ; Megafunction                 ; c:/altera/13.0sp1/quartus/libraries/megafunctions/lpm_compare.inc     ;         ;
; lpm_constant.inc                 ; yes             ; Megafunction                 ; c:/altera/13.0sp1/quartus/libraries/megafunctions/lpm_constant.inc    ;         ;
; db/shift_taps_ckm.tdf            ; yes             ; Auto-Generated Megafunction  ; D:/01workplace/Quartus/class25_digital_clk/prj/db/shift_taps_ckm.tdf  ;         ;
; db/altsyncram_t861.tdf           ; yes             ; Auto-Generated Megafunction  ; D:/01workplace/Quartus/class25_digital_clk/prj/db/altsyncram_t861.tdf ;         ;
; db/add_sub_24e.tdf               ; yes             ; Auto-Generated Megafunction  ; D:/01workplace/Quartus/class25_digital_clk/prj/db/add_sub_24e.tdf     ;         ;
; db/cntr_6pf.tdf                  ; yes             ; Auto-Generated Megafunction  ; D:/01workplace/Quartus/class25_digital_clk/prj/db/cntr_6pf.tdf        ;         ;
; db/cmpr_ogc.tdf                  ; yes             ; Auto-Generated Megafunction  ; D:/01workplace/Quartus/class25_digital_clk/prj/db/cmpr_ogc.tdf        ;         ;
; db/cntr_p8h.tdf                  ; yes             ; Auto-Generated Megafunction  ; D:/01workplace/Quartus/class25_digital_clk/prj/db/cntr_p8h.tdf        ;         ;
+----------------------------------+-----------------+------------------------------+-----------------------------------------------------------------------+---------+


+---------------------------------------------------------+
; Analysis & Synthesis Resource Usage Summary             ;
+---------------------------------------------+-----------+
; Resource                                    ; Usage     ;
+---------------------------------------------+-----------+
; Estimated Total logic elements              ; 493       ;
;                                             ;           ;
; Total combinational functions               ; 454       ;
; Logic element usage by number of LUT inputs ;           ;
;     -- 4 input functions                    ; 190       ;
;     -- 3 input functions                    ; 76        ;
;     -- <=2 input functions                  ; 188       ;
;                                             ;           ;
; Logic elements by mode                      ;           ;
;     -- normal mode                          ; 335       ;
;     -- arithmetic mode                      ; 119       ;
;                                             ;           ;
; Total registers                             ; 282       ;
;     -- Dedicated logic registers            ; 282       ;
;     -- I/O registers                        ; 0         ;
;                                             ;           ;
; I/O pins                                    ; 23        ;
; Total memory bits                           ; 96        ;
; Embedded Multiplier 9-bit elements          ; 0         ;
; Maximum fan-out node                        ; clk~input ;
; Maximum fan-out                             ; 308       ;
; Total fan-out                               ; 2679      ;
; Average fan-out                             ; 3.29      ;
+---------------------------------------------+-----------+


+--------------------------------------------------------------------------------------------------------------------------------------------------------------------------------------------------------------------------------------------------------------------------------------------------------+
; Analysis & Synthesis Resource Utilization by Entity                                                                                                                                                                                                                                                    ;
+----------------------------------------------+-------------------+--------------+-------------+--------------+---------+-----------+------+--------------+------------------------------------------------------------------------------------------------------------------------------+--------------+
; Compilation Hierarchy Node                   ; LC Combinationals ; LC Registers ; Memory Bits ; DSP Elements ; DSP 9x9 ; DSP 18x18 ; Pins ; Virtual Pins ; Full Hierarchy Name                                                                                                          ; Library Name ;
+----------------------------------------------+-------------------+--------------+-------------+--------------+---------+-----------+------+--------------+------------------------------------------------------------------------------------------------------------------------------+--------------+
; |digital_clock_top                           ; 454 (38)          ; 282 (32)     ; 96          ; 0            ; 0       ; 0         ; 23   ; 0            ; |digital_clock_top                                                                                                           ; work         ;
;    |HEX8:HEX8|                               ; 71 (71)           ; 22 (22)      ; 0           ; 0            ; 0       ; 0         ; 0    ; 0            ; |digital_clock_top|HEX8:HEX8                                                                                                 ; work         ;
;    |clock:clock|                             ; 106 (0)           ; 52 (0)       ; 0           ; 0            ; 0       ; 0         ; 0    ; 0            ; |digital_clock_top|clock:clock                                                                                               ; work         ;
;       |counter24:counter24|                  ; 19 (19)           ; 8 (8)        ; 0           ; 0            ; 0       ; 0         ; 0    ; 0            ; |digital_clock_top|clock:clock|counter24:counter24                                                                           ; work         ;
;       |counter60:counter60_min|              ; 23 (23)           ; 8 (8)        ; 0           ; 0            ; 0       ; 0         ; 0    ; 0            ; |digital_clock_top|clock:clock|counter60:counter60_min                                                                       ; work         ;
;       |counter60:counter60_sec|              ; 14 (14)           ; 8 (8)        ; 0           ; 0            ; 0       ; 0         ; 0    ; 0            ; |digital_clock_top|clock:clock|counter60:counter60_sec                                                                       ; work         ;
;       |counter_1ms:counter_1ms|              ; 27 (27)           ; 16 (16)      ; 0           ; 0            ; 0       ; 0         ; 0    ; 0            ; |digital_clock_top|clock:clock|counter_1ms:counter_1ms                                                                       ; work         ;
;       |counter_1s:counter_1s|                ; 23 (23)           ; 12 (12)      ; 0           ; 0            ; 0       ; 0         ; 0    ; 0            ; |digital_clock_top|clock:clock|counter_1s:counter_1s                                                                         ; work         ;
;    |control:control|                         ; 219 (2)           ; 154 (0)      ; 0           ; 0            ; 0       ; 0         ; 0    ; 0            ; |digital_clock_top|control:control                                                                                           ; work         ;
;       |keyboard_ctrl:keyboard_ctrl|          ; 166 (0)           ; 114 (0)      ; 0           ; 0            ; 0       ; 0         ; 0    ; 0            ; |digital_clock_top|control:control|keyboard_ctrl:keyboard_ctrl                                                               ; work         ;
;          |key_filter:key_filter_e|           ; 43 (43)           ; 32 (32)      ; 0           ; 0            ; 0       ; 0         ; 0    ; 0            ; |digital_clock_top|control:control|keyboard_ctrl:keyboard_ctrl|key_filter:key_filter_e                                       ; work         ;
;          |key_filter:key_filter_n|           ; 43 (43)           ; 32 (32)      ; 0           ; 0            ; 0       ; 0         ; 0    ; 0            ; |digital_clock_top|control:control|keyboard_ctrl:keyboard_ctrl|key_filter:key_filter_n                                       ; work         ;
;          |key_filter:key_filter_p|           ; 43 (43)           ; 32 (32)      ; 0           ; 0            ; 0       ; 0         ; 0    ; 0            ; |digital_clock_top|control:control|keyboard_ctrl:keyboard_ctrl|key_filter:key_filter_p                                       ; work         ;
;          |keyboard:keyboard1|                ; 37 (37)           ; 18 (18)      ; 0           ; 0            ; 0       ; 0         ; 0    ; 0            ; |digital_clock_top|control:control|keyboard_ctrl:keyboard_ctrl|keyboard:keyboard1                                            ; work         ;
;       |mode_chose:mode_chose|                ; 51 (8)            ; 40 (8)       ; 0           ; 0            ; 0       ; 0         ; 0    ; 0            ; |digital_clock_top|control:control|mode_chose:mode_chose                                                                     ; work         ;
;          |key_filter:key_filter_m|           ; 43 (43)           ; 32 (32)      ; 0           ; 0            ; 0       ; 0         ; 0    ; 0            ; |digital_clock_top|control:control|mode_chose:mode_chose|key_filter:key_filter_m                                             ; work         ;
;    |ring:ring1|                              ; 20 (11)           ; 22 (16)      ; 96          ; 0            ; 0       ; 0         ; 0    ; 0            ; |digital_clock_top|ring:ring1                                                                                                ; work         ;
;       |altshift_taps:data_in_cmp_tmp0_rtl_0| ; 9 (0)             ; 6 (0)        ; 96          ; 0            ; 0       ; 0         ; 0    ; 0            ; |digital_clock_top|ring:ring1|altshift_taps:data_in_cmp_tmp0_rtl_0                                                           ; work         ;
;          |shift_taps_ckm:auto_generated|     ; 9 (2)             ; 6 (3)        ; 96          ; 0            ; 0       ; 0         ; 0    ; 0            ; |digital_clock_top|ring:ring1|altshift_taps:data_in_cmp_tmp0_rtl_0|shift_taps_ckm:auto_generated                             ; work         ;
;             |altsyncram_t861:altsyncram4|    ; 0 (0)             ; 0 (0)        ; 96          ; 0            ; 0       ; 0         ; 0    ; 0            ; |digital_clock_top|ring:ring1|altshift_taps:data_in_cmp_tmp0_rtl_0|shift_taps_ckm:auto_generated|altsyncram_t861:altsyncram4 ; work         ;
;             |cntr_6pf:cntr1|                 ; 5 (5)             ; 2 (2)        ; 0           ; 0            ; 0       ; 0         ; 0    ; 0            ; |digital_clock_top|ring:ring1|altshift_taps:data_in_cmp_tmp0_rtl_0|shift_taps_ckm:auto_generated|cntr_6pf:cntr1              ; work         ;
;             |cntr_p8h:cntr5|                 ; 2 (2)             ; 1 (1)        ; 0           ; 0            ; 0       ; 0         ; 0    ; 0            ; |digital_clock_top|ring:ring1|altshift_taps:data_in_cmp_tmp0_rtl_0|shift_taps_ckm:auto_generated|cntr_p8h:cntr5              ; work         ;
+----------------------------------------------+-------------------+--------------+-------------+--------------+---------+-----------+------+--------------+------------------------------------------------------------------------------------------------------------------------------+--------------+
Note: For table entries with two numbers listed, the numbers in parentheses indicate the number of resources of the given type used by the specific entity alone. The numbers listed outside of parentheses indicate the total resources of the given type used by the specific entity and all of its sub-entities in the hierarchy.


+--------------------------------------------------------------------------------------------------------------------------------------------------------------------------------------------------------------------------+
; Analysis & Synthesis RAM Summary                                                                                                                                                                                         ;
+----------------------------------------------------------------------------------------------------------------------+------+------------------+--------------+--------------+--------------+--------------+------+------+
; Name                                                                                                                 ; Type ; Mode             ; Port A Depth ; Port A Width ; Port B Depth ; Port B Width ; Size ; MIF  ;
+----------------------------------------------------------------------------------------------------------------------+------+------------------+--------------+--------------+--------------+--------------+------+------+
; ring:ring1|altshift_taps:data_in_cmp_tmp0_rtl_0|shift_taps_ckm:auto_generated|altsyncram_t861:altsyncram4|ALTSYNCRAM ; AUTO ; Simple Dual Port ; 3            ; 32           ; 3            ; 32           ; 96   ; None ;
+----------------------------------------------------------------------------------------------------------------------+------+------------------+--------------+--------------+--------------+--------------+------+------+


Encoding Type:  One-Hot
+----------------------------------------------------------------------------------------------------------+
; State Machine - |digital_clock_top|control:control|mode_chose:mode_chose|key_filter:key_filter_m|state_c ;
+-----------------+-----------------+--------------+-----------------+-------------------------------------+
; Name            ; state_c.FILTER1 ; state_c.DOWN ; state_c.FILTER0 ; state_c.IDLE                        ;
+-----------------+-----------------+--------------+-----------------+-------------------------------------+
; state_c.IDLE    ; 0               ; 0            ; 0               ; 0                                   ;
; state_c.FILTER0 ; 0               ; 0            ; 1               ; 1                                   ;
; state_c.DOWN    ; 0               ; 1            ; 0               ; 1                                   ;
; state_c.FILTER1 ; 1               ; 0            ; 0               ; 1                                   ;
+-----------------+-----------------+--------------+-----------------+-------------------------------------+


Encoding Type:  One-Hot
+----------------------------------------------------------------------------------------------------------------+
; State Machine - |digital_clock_top|control:control|keyboard_ctrl:keyboard_ctrl|key_filter:key_filter_e|state_c ;
+-----------------+-----------------+--------------+-----------------+-------------------------------------------+
; Name            ; state_c.FILTER1 ; state_c.DOWN ; state_c.FILTER0 ; state_c.IDLE                              ;
+-----------------+-----------------+--------------+-----------------+-------------------------------------------+
; state_c.IDLE    ; 0               ; 0            ; 0               ; 0                                         ;
; state_c.FILTER0 ; 0               ; 0            ; 1               ; 1                                         ;
; state_c.DOWN    ; 0               ; 1            ; 0               ; 1                                         ;
; state_c.FILTER1 ; 1               ; 0            ; 0               ; 1                                         ;
+-----------------+-----------------+--------------+-----------------+-------------------------------------------+


Encoding Type:  One-Hot
+----------------------------------------------------------------------------------------------------------------+
; State Machine - |digital_clock_top|control:control|keyboard_ctrl:keyboard_ctrl|key_filter:key_filter_n|state_c ;
+-----------------+-----------------+--------------+-----------------+-------------------------------------------+
; Name            ; state_c.FILTER1 ; state_c.DOWN ; state_c.FILTER0 ; state_c.IDLE                              ;
+-----------------+-----------------+--------------+-----------------+-------------------------------------------+
; state_c.IDLE    ; 0               ; 0            ; 0               ; 0                                         ;
; state_c.FILTER0 ; 0               ; 0            ; 1               ; 1                                         ;
; state_c.DOWN    ; 0               ; 1            ; 0               ; 1                                         ;
; state_c.FILTER1 ; 1               ; 0            ; 0               ; 1                                         ;
+-----------------+-----------------+--------------+-----------------+-------------------------------------------+


Encoding Type:  One-Hot
+----------------------------------------------------------------------------------------------------------------+
; State Machine - |digital_clock_top|control:control|keyboard_ctrl:keyboard_ctrl|key_filter:key_filter_p|state_c ;
+-----------------+-----------------+--------------+-----------------+-------------------------------------------+
; Name            ; state_c.FILTER1 ; state_c.DOWN ; state_c.FILTER0 ; state_c.IDLE                              ;
+-----------------+-----------------+--------------+-----------------+-------------------------------------------+
; state_c.IDLE    ; 0               ; 0            ; 0               ; 0                                         ;
; state_c.FILTER0 ; 0               ; 0            ; 1               ; 1                                         ;
; state_c.DOWN    ; 0               ; 1            ; 0               ; 1                                         ;
; state_c.FILTER1 ; 1               ; 0            ; 0               ; 1                                         ;
+-----------------+-----------------+--------------+-----------------+-------------------------------------------+


+-----------------------------------------------------------------------------------------------------------------------------------------+
; Registers Removed During Synthesis                                                                                                      ;
+------------------------------------------------------------------------+----------------------------------------------------------------+
; Register name                                                          ; Reason for Removal                                             ;
+------------------------------------------------------------------------+----------------------------------------------------------------+
; control:control|mode_chose:mode_chose|ring_load                        ; Merged with control:control|mode_chose:mode_chose|mode_ring_ad ;
; control:control|mode_chose:mode_chose|r_keyboard_load                  ; Merged with control:control|mode_chose:mode_chose|en_keyboard  ;
; control:control|mode_chose:mode_chose|mode_clk_ad                      ; Merged with control:control|mode_chose:mode_chose|clock_load   ;
; control:control|mode_chose:mode_chose|cnt0[2]                          ; Stuck at GND due to stuck port data_in                         ;
; control:control|keyboard_ctrl:keyboard_ctrl|keyboard:keyboard1|cnt0[2] ; Stuck at GND due to stuck port data_in                         ;
; Total Number of Removed Registers = 5                                  ;                                                                ;
+------------------------------------------------------------------------+----------------------------------------------------------------+


+------------------------------------------------------+
; General Register Statistics                          ;
+----------------------------------------------+-------+
; Statistic                                    ; Value ;
+----------------------------------------------+-------+
; Total registers                              ; 282   ;
; Number of registers using Synchronous Clear  ; 80    ;
; Number of registers using Synchronous Load   ; 16    ;
; Number of registers using Asynchronous Clear ; 278   ;
; Number of registers using Asynchronous Load  ; 0     ;
; Number of registers using Clock Enable       ; 117   ;
; Number of registers using Preset             ; 0     ;
+----------------------------------------------+-------+


+-----------------------------------------------------------------------------------------------+
; Inverted Register Statistics                                                                  ;
+-------------------------------------------------------------------------------------+---------+
; Inverted Register                                                                   ; Fan out ;
+-------------------------------------------------------------------------------------+---------+
; HEX8:HEX8|sel_r[1]                                                                  ; 13      ;
; HEX8:HEX8|sel_r[3]                                                                  ; 7       ;
; HEX8:HEX8|sel_r[2]                                                                  ; 10      ;
; HEX8:HEX8|sel_r[5]                                                                  ; 5       ;
; HEX8:HEX8|sel_r[4]                                                                  ; 5       ;
; control:control|keyboard_ctrl:keyboard_ctrl|key_filter:key_filter_e|key_state       ; 3       ;
; ring:ring1|altshift_taps:data_in_cmp_tmp0_rtl_0|shift_taps_ckm:auto_generated|dffe6 ; 32      ;
; control:control|mode_chose:mode_chose|key_filter:key_filter_m|key_state             ; 4       ;
; control:control|keyboard_ctrl:keyboard_ctrl|key_filter:key_filter_p|key_state       ; 3       ;
; control:control|keyboard_ctrl:keyboard_ctrl|key_filter:key_filter_n|key_state       ; 2       ;
; Total number of inverted registers = 10                                             ;         ;
+-------------------------------------------------------------------------------------+---------+


+--------------------------------------------------------------------------------------+
; Registers Packed Into Inferred Megafunctions                                         ;
+-------------------------------------+-----------------------------------+------------+
; Register Name                       ; Megafunction                      ; Type       ;
+-------------------------------------+-----------------------------------+------------+
; ring:ring1|data_in_cmp_tmp2[0..15]  ; ring:ring1|data_in_cmp_tmp0_rtl_0 ; SHIFT_TAPS ;
; ring:ring1|data_in_cmp_tmp1[0..15]  ; ring:ring1|data_in_cmp_tmp0_rtl_0 ; SHIFT_TAPS ;
; ring:ring1|data_in_cmp_tmp0[0..15]  ; ring:ring1|data_in_cmp_tmp0_rtl_0 ; SHIFT_TAPS ;
; ring:ring1|data_in_load_tmp2[0..15] ; ring:ring1|data_in_cmp_tmp0_rtl_0 ; SHIFT_TAPS ;
; ring:ring1|data_in_load_tmp1[0..15] ; ring:ring1|data_in_cmp_tmp0_rtl_0 ; SHIFT_TAPS ;
; ring:ring1|data_in_load_tmp0[0..15] ; ring:ring1|data_in_cmp_tmp0_rtl_0 ; SHIFT_TAPS ;
+-------------------------------------+-----------------------------------+------------+


+-----------------------------------------------------------------------------------------------------------------------------------------------------------------------------------------------------------------+
; Multiplexer Restructuring Statistics (Restructuring Performed)                                                                                                                                                  ;
+--------------------+-----------+---------------+----------------------+------------------------+------------+---------------------------------------------------------------------------------------------------+
; Multiplexer Inputs ; Bus Width ; Baseline Area ; Area if Restructured ; Saving if Restructured ; Registered ; Example Multiplexer Output                                                                        ;
+--------------------+-----------+---------------+----------------------+------------------------+------------+---------------------------------------------------------------------------------------------------+
; 3:1                ; 16 bits   ; 32 LEs        ; 16 LEs               ; 16 LEs                 ; Yes        ; |digital_clock_top|data_keyboard_in[13]                                                           ;
; 8:1                ; 4 bits    ; 20 LEs        ; 8 LEs                ; 12 LEs                 ; Yes        ; |digital_clock_top|control:control|mode_chose:mode_chose|mode_clk                                 ;
; 5:1                ; 16 bits   ; 48 LEs        ; 32 LEs               ; 16 LEs                 ; Yes        ; |digital_clock_top|disp_data_tmp[3]                                                               ;
; 5:1                ; 4 bits    ; 12 LEs        ; 8 LEs                ; 4 LEs                  ; Yes        ; |digital_clock_top|clock:clock|counter24:counter24|cnt_l[2]                                       ;
; 4:1                ; 4 bits    ; 8 LEs         ; 8 LEs                ; 0 LEs                  ; Yes        ; |digital_clock_top|clock:clock|counter60:counter60_min|cnt_l[2]                                   ;
; 4:1                ; 4 bits    ; 8 LEs         ; 8 LEs                ; 0 LEs                  ; Yes        ; |digital_clock_top|clock:clock|counter60:counter60_min|cnt_h[0]                                   ;
; 5:1                ; 4 bits    ; 12 LEs        ; 4 LEs                ; 8 LEs                  ; Yes        ; |digital_clock_top|control:control|keyboard_ctrl:keyboard_ctrl|keyboard:keyboard1|data_temp[3][2] ;
; 5:1                ; 4 bits    ; 12 LEs        ; 4 LEs                ; 8 LEs                  ; Yes        ; |digital_clock_top|control:control|keyboard_ctrl:keyboard_ctrl|keyboard:keyboard1|data_temp[2][2] ;
; 5:1                ; 4 bits    ; 12 LEs        ; 4 LEs                ; 8 LEs                  ; Yes        ; |digital_clock_top|control:control|keyboard_ctrl:keyboard_ctrl|keyboard:keyboard1|data_temp[1][2] ;
; 5:1                ; 4 bits    ; 12 LEs        ; 4 LEs                ; 8 LEs                  ; Yes        ; |digital_clock_top|control:control|keyboard_ctrl:keyboard_ctrl|keyboard:keyboard1|data_temp[0][0] ;
; 6:1                ; 4 bits    ; 16 LEs        ; 8 LEs                ; 8 LEs                  ; Yes        ; |digital_clock_top|clock:clock|counter24:counter24|cnt_h[0]                                       ;
; 4:1                ; 4 bits    ; 8 LEs         ; 8 LEs                ; 0 LEs                  ; No         ; |digital_clock_top|control:control|keyboard_ctrl:keyboard_ctrl|keyboard:keyboard1|Mux2            ;
; 64:1               ; 4 bits    ; 168 LEs       ; 28 LEs               ; 140 LEs                ; No         ; |digital_clock_top|HEX8:HEX8|Selector3                                                            ;
+--------------------+-----------+---------------+----------------------+------------------------+------------+---------------------------------------------------------------------------------------------------+


+----------------------------------------------------------------------------------------------------------------------------------+
; Source assignments for ring:ring1|altshift_taps:data_in_cmp_tmp0_rtl_0|shift_taps_ckm:auto_generated|altsyncram_t861:altsyncram4 ;
+---------------------------------+--------------------+------+--------------------------------------------------------------------+
; Assignment                      ; Value              ; From ; To                                                                 ;
+---------------------------------+--------------------+------+--------------------------------------------------------------------+
; OPTIMIZE_POWER_DURING_SYNTHESIS ; NORMAL_COMPILATION ; -    ; -                                                                  ;
+---------------------------------+--------------------+------+--------------------------------------------------------------------+


+--------------------------------------------------------------------------------------------------+
; Parameter Settings for Inferred Entity Instance: ring:ring1|altshift_taps:data_in_cmp_tmp0_rtl_0 ;
+----------------+----------------+----------------------------------------------------------------+
; Parameter Name ; Value          ; Type                                                           ;
+----------------+----------------+----------------------------------------------------------------+
; WIDTH_BYTEENA  ; 1              ; Untyped                                                        ;
; NUMBER_OF_TAPS ; 1              ; Untyped                                                        ;
; TAP_DISTANCE   ; 3              ; Untyped                                                        ;
; WIDTH          ; 32             ; Untyped                                                        ;
; POWER_UP_STATE ; CLEARED        ; Untyped                                                        ;
; CBXI_PARAMETER ; shift_taps_ckm ; Untyped                                                        ;
+----------------+----------------+----------------------------------------------------------------+
Note: In order to hide this table in the UI and the text report file, please set the "Show Parameter Settings in Synthesis Report" option in "Analysis and Synthesis Settings -> More Settings" to "Off".


+------------------------------------------------------------------------------+
; altshift_taps Parameter Settings by Entity Instance                          ;
+----------------------------+-------------------------------------------------+
; Name                       ; Value                                           ;
+----------------------------+-------------------------------------------------+
; Number of entity instances ; 1                                               ;
; Entity Instance            ; ring:ring1|altshift_taps:data_in_cmp_tmp0_rtl_0 ;
;     -- NUMBER_OF_TAPS      ; 1                                               ;
;     -- TAP_DISTANCE        ; 3                                               ;
;     -- WIDTH               ; 32                                              ;
+----------------------------+-------------------------------------------------+


+-----------------------------------------------------------------+
; Port Connectivity Checks: "clock:clock|counter60:counter60_sec" ;
+------+-------+----------+---------------------------------------+
; Port ; Type  ; Severity ; Details                               ;
+------+-------+----------+---------------------------------------+
; load ; Input ; Info     ; Stuck at GND                          ;
+------+-------+----------+---------------------------------------+


+----------------------------------------+
; Port Connectivity Checks: "HEX8:HEX8"  ;
+------+-------+----------+--------------+
; Port ; Type  ; Severity ; Details      ;
+------+-------+----------+--------------+
; en   ; Input ; Info     ; Stuck at VCC ;
+------+-------+----------+--------------+


+-------------------------------+
; Elapsed Time Per Partition    ;
+----------------+--------------+
; Partition Name ; Elapsed Time ;
+----------------+--------------+
; Top            ; 00:00:01     ;
+----------------+--------------+


+-------------------------------+
; Analysis & Synthesis Messages ;
+-------------------------------+
Info: *******************************************************************
Info: Running Quartus II 64-Bit Analysis & Synthesis
    Info: Version 13.0.1 Build 232 06/12/2013 Service Pack 1 SJ Full Version
    Info: Processing started: Thu Jul 15 12:41:05 2021
Info: Command: quartus_map --read_settings_files=on --write_settings_files=off digital_clk -c digital_clk
Info (11104): Parallel Compilation has detected 8 hyper-threaded processors. However, the extra hyper-threaded processors will not be used by default. Parallel Compilation will use 4 of the 4 physical processors detected instead.
Info (12021): Found 1 design units, including 1 entities, in source file /01workplace/quartus/class25_digital_clk/testbench/ring_tb.v
    Info (12023): Found entity 1: ring_tb
Info (12021): Found 1 design units, including 1 entities, in source file /01workplace/quartus/class25_digital_clk/testbench/keyboard_ctrl_tb.v
    Info (12023): Found entity 1: keyboard_ctrl_tb
Info (12021): Found 1 design units, including 1 entities, in source file /01workplace/quartus/class25_digital_clk/rtl/digital_clock_top.v
    Info (12023): Found entity 1: digital_clock_top
Info (12021): Found 1 design units, including 1 entities, in source file /01workplace/quartus/class25_digital_clk/rtl/hex8.v
    Info (12023): Found entity 1: HEX8
Info (12021): Found 1 design units, including 1 entities, in source file /01workplace/quartus/class25_digital_clk/rtl/control.v
    Info (12023): Found entity 1: control
Info (12021): Found 1 design units, including 1 entities, in source file /01workplace/quartus/class25_digital_clk/rtl/mode_chose.v
    Info (12023): Found entity 1: mode_chose
Info (12021): Found 1 design units, including 1 entities, in source file /01workplace/quartus/class25_digital_clk/rtl/ring.v
    Info (12023): Found entity 1: ring
Info (12021): Found 1 design units, including 1 entities, in source file /01workplace/quartus/class25_digital_clk/rtl/keyboard_ctrl.v
    Info (12023): Found entity 1: keyboard_ctrl
Info (12021): Found 1 design units, including 1 entities, in source file /01workplace/quartus/class25_digital_clk/rtl/keyboard.v
    Info (12023): Found entity 1: keyboard
Info (12021): Found 1 design units, including 1 entities, in source file /01workplace/quartus/class25_digital_clk/testbench/keyboard_tb.v
    Info (12023): Found entity 1: keyboard_tb
Info (12021): Found 1 design units, including 1 entities, in source file /01workplace/quartus/class25_digital_clk/testbench/key_model.v
    Info (12023): Found entity 1: key_model
Info (12021): Found 1 design units, including 1 entities, in source file /01workplace/quartus/class25_digital_clk/testbench/clock_tb.v
    Info (12023): Found entity 1: clock_tb
Info (12021): Found 1 design units, including 1 entities, in source file /01workplace/quartus/class25_digital_clk/rtl/clock.v
    Info (12023): Found entity 1: clock
Info (12021): Found 1 design units, including 1 entities, in source file /01workplace/quartus/class25_digital_clk/testbench/counter24_tb.v
    Info (12023): Found entity 1: counter24_tb
Info (12021): Found 1 design units, including 1 entities, in source file /01workplace/quartus/class25_digital_clk/rtl/counter24.v
    Info (12023): Found entity 1: counter24
Info (12021): Found 1 design units, including 1 entities, in source file /01workplace/quartus/class25_digital_clk/testbench/counter60_tb.v
    Info (12023): Found entity 1: counter60_tb
Info (12021): Found 1 design units, including 1 entities, in source file /01workplace/quartus/class25_digital_clk/rtl/key_filter.v
    Info (12023): Found entity 1: key_filter
Info (12021): Found 1 design units, including 1 entities, in source file /01workplace/quartus/class25_digital_clk/rtl/counter60.v
    Info (12023): Found entity 1: counter60
Info (12021): Found 1 design units, including 1 entities, in source file /01workplace/quartus/class25_digital_clk/rtl/counter_1s.v
    Info (12023): Found entity 1: counter_1s
Info (12021): Found 1 design units, including 1 entities, in source file /01workplace/quartus/class25_digital_clk/rtl/counter_1ms.v
    Info (12023): Found entity 1: counter_1ms
Info (12127): Elaborating entity "digital_clock_top" for the top level hierarchy
Info (12128): Elaborating entity "HEX8" for hierarchy "HEX8:HEX8"
Info (12128): Elaborating entity "ring" for hierarchy "ring:ring1"
Info (12128): Elaborating entity "control" for hierarchy "control:control"
Info (12128): Elaborating entity "keyboard_ctrl" for hierarchy "control:control|keyboard_ctrl:keyboard_ctrl"
Info (12128): Elaborating entity "key_filter" for hierarchy "control:control|keyboard_ctrl:keyboard_ctrl|key_filter:key_filter_p"
Info (12128): Elaborating entity "keyboard" for hierarchy "control:control|keyboard_ctrl:keyboard_ctrl|keyboard:keyboard1"
Info (12128): Elaborating entity "mode_chose" for hierarchy "control:control|mode_chose:mode_chose"
Info (12128): Elaborating entity "clock" for hierarchy "clock:clock"
Info (12128): Elaborating entity "counter24" for hierarchy "clock:clock|counter24:counter24"
Info (12128): Elaborating entity "counter60" for hierarchy "clock:clock|counter60:counter60_min"
Info (12128): Elaborating entity "counter_1s" for hierarchy "clock:clock|counter_1s:counter_1s"
Info (12128): Elaborating entity "counter_1ms" for hierarchy "clock:clock|counter_1ms:counter_1ms"
Info (19000): Inferred 1 megafunctions from design logic
    Info (276034): Inferred altshift_taps megafunction from the following design logic: "ring:ring1|data_in_cmp_tmp0_rtl_0"
        Info (286033): Parameter NUMBER_OF_TAPS set to 1
        Info (286033): Parameter TAP_DISTANCE set to 3
        Info (286033): Parameter WIDTH set to 32
Info (12130): Elaborated megafunction instantiation "ring:ring1|altshift_taps:data_in_cmp_tmp0_rtl_0"
Info (12133): Instantiated megafunction "ring:ring1|altshift_taps:data_in_cmp_tmp0_rtl_0" with the following parameter:
    Info (12134): Parameter "NUMBER_OF_TAPS" = "1"
    Info (12134): Parameter "TAP_DISTANCE" = "3"
    Info (12134): Parameter "WIDTH" = "32"
Info (12021): Found 1 design units, including 1 entities, in source file db/shift_taps_ckm.tdf
    Info (12023): Found entity 1: shift_taps_ckm
Info (12021): Found 1 design units, including 1 entities, in source file db/altsyncram_t861.tdf
    Info (12023): Found entity 1: altsyncram_t861
Info (12021): Found 1 design units, including 1 entities, in source file db/add_sub_24e.tdf
    Info (12023): Found entity 1: add_sub_24e
Info (12021): Found 1 design units, including 1 entities, in source file db/cntr_6pf.tdf
    Info (12023): Found entity 1: cntr_6pf
Info (12021): Found 1 design units, including 1 entities, in source file db/cmpr_ogc.tdf
    Info (12023): Found entity 1: cmpr_ogc
Info (12021): Found 1 design units, including 1 entities, in source file db/cntr_p8h.tdf
    Info (12023): Found entity 1: cntr_p8h
Info (13000): Registers with preset signals will power-up high
Info (13003): DEV_CLRn pin will set, and not reset, register with preset signal due to NOT Gate Push-Back
Info (286030): Timing-Driven Synthesis is running
Info (16010): Generating hard_block partition "hard_block:auto_generated_inst"
    Info (16011): Adding 0 node(s), including 0 DDIO, 0 PLL, 0 transceiver and 0 LCELL
Info (21057): Implemented 549 device resources after synthesis - the final resource count might be different
    Info (21058): Implemented 6 input pins
    Info (21059): Implemented 17 output pins
    Info (21061): Implemented 494 logic cells
    Info (21064): Implemented 32 RAM segments
Info: Quartus II 64-Bit Analysis & Synthesis was successful. 0 errors, 0 warnings
    Info: Peak virtual memory: 4621 megabytes
    Info: Processing ended: Thu Jul 15 12:41:08 2021
    Info: Elapsed time: 00:00:03
    Info: Total CPU time (on all processors): 00:00:02


