Flow report for digital_clk
Thu Jul 15 12:41:23 2021
Quartus II 64-Bit Version 13.0.1 Build 232 06/12/2013 Service Pack 1 SJ Full Version


---------------------
; Table of Contents ;
---------------------
  1. Legal Notice
  2. Flow Summary
  3. Flow Settings
  4. Flow Non-Default Global Settings
  5. Flow Elapsed Time
  6. Flow OS Summary
  7. Flow Log
  8. Flow Messages
  9. Flow Suppressed Messages



----------------
; Legal Notice ;
----------------
Copyright (C) 1991-2013 Altera Corporation
Your use of Altera Corporation's design tools, logic functions 
and other software and tools, and its AMPP partner logic 
functions, and any output files from any of the foregoing 
(including device programming or simulation files), and any 
associated documentation or information are expressly subject 
to the terms and conditions of the Altera Program License 
Subscription Agreement, Altera MegaCore Function License 
Agreement, or other applicable license agreement, including, 
without limitation, that your use is for the sole purpose of 
programming logic devices manufactured by Altera and sold by 
Altera or its authorized distributors.  Please refer to the 
applicable agreement for further details.



+---------------------------------------------------------------------------------------+
; Flow Summary                                                                          ;
+------------------------------------+--------------------------------------------------+
; Flow Status                        ; Successful - Thu Jul 15 12:41:23 2021            ;
; Quartus II 64-Bit Version          ; 13.0.1 Build 232 06/12/2013 SP 1 SJ Full Version ;
; Revision Name                      ; digital_clk                                      ;
; Top-level Entity Name              ; digital_clock_top                                ;
; Family                             ; Cyclone IV E                                     ;
; Device                             ; EP4CE10F17C8                                     ;
; Timing Models                      ; Final                                            ;
; Total logic elements               ; 481 / 10,320 ( 5 % )                             ;
;     Total combinational functions  ; 455 / 10,320 ( 4 % )                             ;
;     Dedicated logic registers      ; 282 / 10,320 ( 3 % )                             ;
; Total registers                    ; 282                                              ;
; Total pins                         ; 23 / 180 ( 13 % )                                ;
; Total virtual pins                 ; 0                                                ;
; Total memory bits                  ; 96 / 423,936 ( < 1 % )                           ;
; Embedded Multiplier 9-bit elements ; 0 / 46 ( 0 % )                                   ;
; Total PLLs                         ; 0 / 2 ( 0 % )                                    ;
+------------------------------------+--------------------------------------------------+


+-----------------------------------------+
; Flow Settings                           ;
+-------------------+---------------------+
; Option            ; Setting             ;
+-------------------+---------------------+
; Start date & time ; 07/15/2021 12:41:06 ;
; Main task         ; Compilation         ;
; Revision Name     ; digital_clk         ;
+-------------------+---------------------+


+-------------------------------------------------------------------------------------------------------------------------------------+
; Flow Non-Default Global Settings                                                                                                    ;
+--------------------------------------+---------------------------------------+---------------+-------------------+------------------+
; Assignment Name                      ; Value                                 ; Default Value ; Entity Name       ; Section Id       ;
+--------------------------------------+---------------------------------------+---------------+-------------------+------------------+
; COMPILER_SIGNATURE_ID                ; 141812762195461.162632406612048       ; --            ; --                ; --               ;
; EDA_DESIGN_INSTANCE_NAME             ; NA                                    ; --            ; --                ; counter60_tb     ;
; EDA_DESIGN_INSTANCE_NAME             ; NA                                    ; --            ; --                ; counter24_tb     ;
; EDA_DESIGN_INSTANCE_NAME             ; NA                                    ; --            ; --                ; clock_tb         ;
; EDA_DESIGN_INSTANCE_NAME             ; NA                                    ; --            ; --                ; keyboard_tb      ;
; EDA_DESIGN_INSTANCE_NAME             ; NA                                    ; --            ; --                ; keyboard_ctrl_tb ;
; EDA_DESIGN_INSTANCE_NAME             ; NA                                    ; --            ; --                ; ring_tb          ;
; EDA_NATIVELINK_SIMULATION_TEST_BENCH ; ring_tb                               ; --            ; --                ; eda_simulation   ;
; EDA_OUTPUT_DATA_FORMAT               ; Verilog Hdl                           ; --            ; --                ; eda_simulation   ;
; EDA_SIMULATION_TOOL                  ; ModelSim-Altera (Verilog)             ; <None>        ; --                ; --               ;
; EDA_TEST_BENCH_ENABLE_STATUS         ; TEST_BENCH_MODE                       ; --            ; --                ; eda_simulation   ;
; EDA_TEST_BENCH_FILE                  ; ../testbench/counter60_tb.v           ; --            ; --                ; counter60_tb     ;
; EDA_TEST_BENCH_FILE                  ; ../testbench/counter24_tb.v           ; --            ; --                ; counter24_tb     ;
; EDA_TEST_BENCH_FILE                  ; ../testbench/clock_tb.v               ; --            ; --                ; clock_tb         ;
; EDA_TEST_BENCH_FILE                  ; ../testbench/keyboard_tb.v            ; --            ; --                ; keyboard_tb      ;
; EDA_TEST_BENCH_FILE                  ; ../testbench/key_model.v              ; --            ; --                ; keyboard_tb      ;
; EDA_TEST_BENCH_FILE                  ; ../rtl/key_filter.v                   ; --            ; --                ; keyboard_tb      ;
; EDA_TEST_BENCH_FILE                  ; ../testbench/keyboard_ctrl_tb.v       ; --            ; --                ; keyboard_ctrl_tb ;
; EDA_TEST_BENCH_FILE                  ; ../testbench/key_model.v              ; --            ; --                ; keyboard_ctrl_tb ;
; EDA_TEST_BENCH_FILE                  ; ../testbench/ring_tb.v                ; --            ; --                ; ring_tb          ;
; EDA_TEST_BENCH_MODULE_NAME           ; counter60_tb                          ; --            ; --                ; counter60_tb     ;
; EDA_TEST_BENCH_MODULE_NAME           ; counter24_tb                          ; --            ; --                ; counter24_tb     ;
; EDA_TEST_BENCH_MODULE_NAME           ; clock_tb                              ; --            ; --                ; clock_tb         ;
; EDA_TEST_BENCH_MODULE_NAME           ; keyboard_tb                           ; --            ; --                ; keyboard_tb      ;
; EDA_TEST_BENCH_MODULE_NAME           ; keyboard_ctrl_tb                      ; --            ; --                ; keyboard_ctrl_tb ;
; EDA_TEST_BENCH_MODULE_NAME           ; ring_tb                               ; --            ; --                ; ring_tb          ;
; EDA_TEST_BENCH_NAME                  ; counter60_tb                          ; --            ; --                ; eda_simulation   ;
; EDA_TEST_BENCH_NAME                  ; counter24_tb                          ; --            ; --                ; eda_simulation   ;
; EDA_TEST_BENCH_NAME                  ; clock_tb                              ; --            ; --                ; eda_simulation   ;
; EDA_TEST_BENCH_NAME                  ; keyboard_tb                           ; --            ; --                ; eda_simulation   ;
; EDA_TEST_BENCH_NAME                  ; keyboard_ctrl_tb                      ; --            ; --                ; eda_simulation   ;
; EDA_TEST_BENCH_NAME                  ; ring_tb                               ; --            ; --                ; eda_simulation   ;
; EDA_TIME_SCALE                       ; 1 ps                                  ; --            ; --                ; eda_simulation   ;
; MAX_CORE_JUNCTION_TEMP               ; 85                                    ; --            ; --                ; --               ;
; MIN_CORE_JUNCTION_TEMP               ; 0                                     ; --            ; --                ; --               ;
; NOMINAL_CORE_SUPPLY_VOLTAGE          ; 1.2V                                  ; --            ; --                ; --               ;
; PARTITION_COLOR                      ; 16764057                              ; --            ; digital_clock_top ; Top              ;
; PARTITION_FITTER_PRESERVATION_LEVEL  ; PLACEMENT_AND_ROUTING                 ; --            ; digital_clock_top ; Top              ;
; PARTITION_NETLIST_TYPE               ; SOURCE                                ; --            ; digital_clock_top ; Top              ;
; POWER_BOARD_THERMAL_MODEL            ; None (CONSERVATIVE)                   ; --            ; --                ; --               ;
; POWER_PRESET_COOLING_SOLUTION        ; 23 MM HEAT SINK WITH 200 LFPM AIRFLOW ; --            ; --                ; --               ;
; PROJECT_OUTPUT_DIRECTORY             ; output_files                          ; --            ; --                ; --               ;
; TOP_LEVEL_ENTITY                     ; digital_clock_top                     ; digital_clk   ; --                ; --               ;
+--------------------------------------+---------------------------------------+---------------+-------------------+------------------+


+-------------------------------------------------------------------------------------------------------------------------------+
; Flow Elapsed Time                                                                                                             ;
+---------------------------+--------------+-------------------------+---------------------+------------------------------------+
; Module Name               ; Elapsed Time ; Average Processors Used ; Peak Virtual Memory ; Total CPU Time (on all processors) ;
+---------------------------+--------------+-------------------------+---------------------+------------------------------------+
; Analysis & Synthesis      ; 00:00:03     ; 1.0                     ; 4621 MB             ; 00:00:02                           ;
; Fitter                    ; 00:00:06     ; 2.0                     ; 5314 MB             ; 00:00:08                           ;
; Assembler                 ; 00:00:01     ; 1.0                     ; 4552 MB             ; 00:00:01                           ;
; TimeQuest Timing Analyzer ; 00:00:03     ; 1.0                     ; 4636 MB             ; 00:00:02                           ;
; EDA Netlist Writer        ; 00:00:01     ; 1.0                     ; 4525 MB             ; 00:00:01                           ;
; Total                     ; 00:00:14     ; --                      ; --                  ; 00:00:14                           ;
+---------------------------+--------------+-------------------------+---------------------+------------------------------------+


+----------------------------------------------------------------------------------------+
; Flow OS Summary                                                                        ;
+---------------------------+------------------+-----------+------------+----------------+
; Module Name               ; Machine Hostname ; OS Name   ; OS Version ; Processor type ;
+---------------------------+------------------+-----------+------------+----------------+
; Analysis & Synthesis      ; DESKTOP-GLVHBLK  ; Windows 7 ; 6.2        ; x86_64         ;
; Fitter                    ; DESKTOP-GLVHBLK  ; Windows 7 ; 6.2        ; x86_64         ;
; Assembler                 ; DESKTOP-GLVHBLK  ; Windows 7 ; 6.2        ; x86_64         ;
; TimeQuest Timing Analyzer ; DESKTOP-GLVHBLK  ; Windows 7 ; 6.2        ; x86_64         ;
; EDA Netlist Writer        ; DESKTOP-GLVHBLK  ; Windows 7 ; 6.2        ; x86_64         ;
+---------------------------+------------------+-----------+------------+----------------+


------------
; Flow Log ;
------------
quartus_map --read_settings_files=on --write_settings_files=off digital_clk -c digital_clk
quartus_fit --read_settings_files=off --write_settings_files=off digital_clk -c digital_clk
quartus_asm --read_settings_files=off --write_settings_files=off digital_clk -c digital_clk
quartus_sta digital_clk -c digital_clk
quartus_eda --read_settings_files=off --write_settings_files=off digital_clk -c digital_clk



